232643 DEBUG [2015-05-10 20:25:58]  trace com.mchange.v2.resourcepool.BasicResourcePool@43a9287c [managed: 3, unused: 3, excluded: 0] (e.g. com.mchange.v2.c3p0.impl.NewPooledConnection@61affb82)
232642 DEBUG [2015-05-10 20:25:58]  Preparing to destroy resource: com.mchange.v2.c3p0.impl.NewPooledConnection@799a3258
232642 DEBUG [2015-05-10 20:25:58]  com.mchange.v2.c3p0.impl.NewPooledConnection@6da640d9 closed by a client.
java.lang.Exception: DEBUG -- CLOSE BY CLIENT STACK TRACE
	at com.mchange.v2.c3p0.impl.NewPooledConnection.close(NewPooledConnection.java:566)
	at com.mchange.v2.c3p0.impl.NewPooledConnection.close(NewPooledConnection.java:234)
	at com.mchange.v2.c3p0.impl.C3P0PooledConnectionPool$1PooledConnectionResourcePoolManager.destroyResource(C3P0PooledConnectionPool.java:470)
	at com.mchange.v2.resourcepool.BasicResourcePool$1DestroyResourceTask.run(BasicResourcePool.java:964)
	at com.mchange.v2.async.ThreadPoolAsynchronousRunner$PoolThread.run(ThreadPoolAsynchronousRunner.java:547)
232644 DEBUG [2015-05-10 20:25:58]  Successfully destroyed PooledConnection: com.mchange.v2.c3p0.impl.NewPooledConnection@6da640d9
232644 DEBUG [2015-05-10 20:25:58]  Preparing to destroy PooledConnection: com.mchange.v2.c3p0.impl.NewPooledConnection@799a3258
232643 DEBUG [2015-05-10 20:25:58]  EXPIRED idle resource: com.mchange.v2.c3p0.impl.NewPooledConnection@22e7363e ---> idle_time: 74981; max_idle_time: 60000 [com.mchange.v2.resourcepool.BasicResourcePool@43a9287c]
232645 DEBUG [2015-05-10 20:25:58]  Removing expired resource: com.mchange.v2.c3p0.impl.NewPooledConnection@22e7363e [com.mchange.v2.resourcepool.BasicResourcePool@43a9287c]
232646 DEBUG [2015-05-10 20:25:58]  com.mchange.v2.c3p0.impl.NewPooledConnection@799a3258 closed by a client.
java.lang.Exception: DEBUG -- CLOSE BY CLIENT STACK TRACE
	at com.mchange.v2.c3p0.impl.NewPooledConnection.close(NewPooledConnection.java:566)
	at com.mchange.v2.c3p0.impl.NewPooledConnection.close(NewPooledConnection.java:234)
	at com.mchange.v2.c3p0.impl.C3P0PooledConnectionPool$1PooledConnectionResourcePoolManager.destroyResource(C3P0PooledConnectionPool.java:470)
	at com.mchange.v2.resourcepool.BasicResourcePool$1DestroyResourceTask.run(BasicResourcePool.java:964)
	at com.mchange.v2.async.ThreadPoolAsynchronousRunner$PoolThread.run(ThreadPoolAsynchronousRunner.java:547)
232645 DEBUG [2015-05-10 20:25:58]  Successfully destroyed resource: com.mchange.v2.c3p0.impl.NewPooledConnection@6da640d9
232646 DEBUG [2015-05-10 20:25:58]  Successfully destroyed PooledConnection: com.mchange.v2.c3p0.impl.NewPooledConnection@799a3258
232646 DEBUG [2015-05-10 20:25:58]  Preparing to destroy resource: com.mchange.v2.c3p0.impl.NewPooledConnection@22e7363e
232646 DEBUG [2015-05-10 20:25:58]  trace com.mchange.v2.resourcepool.BasicResourcePool@43a9287c [managed: 2, unused: 2, excluded: 0] (e.g. com.mchange.v2.c3p0.impl.NewPooledConnection@61affb82)
232647 DEBUG [2015-05-10 20:25:58]  Preparing to destroy PooledConnection: com.mchange.v2.c3p0.impl.NewPooledConnection@22e7363e
232647 DEBUG [2015-05-10 20:25:58]  Successfully destroyed resource: com.mchange.v2.c3p0.impl.NewPooledConnection@799a3258
232648 DEBUG [2015-05-10 20:25:58]  com.mchange.v2.c3p0.impl.NewPooledConnection@22e7363e closed by a client.
java.lang.Exception: DEBUG -- CLOSE BY CLIENT STACK TRACE
	at com.mchange.v2.c3p0.impl.NewPooledConnection.close(NewPooledConnection.java:566)
	at com.mchange.v2.c3p0.impl.NewPooledConnection.close(NewPooledConnection.java:234)
	at com.mchange.v2.c3p0.impl.C3P0PooledConnectionPool$1PooledConnectionResourcePoolManager.destroyResource(C3P0PooledConnectionPool.java:470)
	at com.mchange.v2.resourcepool.BasicResourcePool$1DestroyResourceTask.run(BasicResourcePool.java:964)
	at com.mchange.v2.async.ThreadPoolAsynchronousRunner$PoolThread.run(ThreadPoolAsynchronousRunner.java:547)
232647 DEBUG [2015-05-10 20:25:58]  trace com.mchange.v2.resourcepool.BasicResourcePool@43a9287c [managed: 2, unused: 2, excluded: 0] (e.g. com.mchange.v2.c3p0.impl.NewPooledConnection@61affb82)
232649 DEBUG [2015-05-10 20:25:58]  Successfully destroyed PooledConnection: com.mchange.v2.c3p0.impl.NewPooledConnection@22e7363e
232649 DEBUG [2015-05-10 20:25:58]  FINISHED check for expired resources.  [com.mchange.v2.resourcepool.BasicResourcePool@43a9287c]
232649 DEBUG [2015-05-10 20:25:58]  Successfully destroyed resource: com.mchange.v2.c3p0.impl.NewPooledConnection@22e7363e
232649 DEBUG [2015-05-10 20:25:58]  incremented pending_acquires: 1
232650 DEBUG [2015-05-10 20:25:58]  incremented pending_acquires: 2
232650 DEBUG [2015-05-10 20:25:58]  incremented pending_acquires: 3
232673 DEBUG [2015-05-10 20:25:58]  com.mchange.v2.c3p0.impl.C3P0PooledConnectionPool$1PooledConnectionResourcePoolManager@6b5b3a21.acquireResource() returning. 
232673 DEBUG [2015-05-10 20:25:58]  trace com.mchange.v2.resourcepool.BasicResourcePool@43a9287c [managed: 3, unused: 3, excluded: 0] (e.g. com.mchange.v2.c3p0.impl.NewPooledConnection@61affb82)
232673 DEBUG [2015-05-10 20:25:58]  decremented pending_acquires: 2
232680 DEBUG [2015-05-10 20:25:58]  com.mchange.v2.c3p0.impl.C3P0PooledConnectionPool$1PooledConnectionResourcePoolManager@6b5b3a21.acquireResource() returning. 
232680 DEBUG [2015-05-10 20:25:58]  trace com.mchange.v2.resourcepool.BasicResourcePool@43a9287c [managed: 4, unused: 4, excluded: 0] (e.g. com.mchange.v2.c3p0.impl.NewPooledConnection@61affb82)
232680 DEBUG [2015-05-10 20:25:58]  decremented pending_acquires: 1
232690 DEBUG [2015-05-10 20:25:58]  com.mchange.v2.c3p0.impl.C3P0PooledConnectionPool$1PooledConnectionResourcePoolManager@6b5b3a21.acquireResource() returning. 
232690 DEBUG [2015-05-10 20:25:58]  trace com.mchange.v2.resourcepool.BasicResourcePool@43a9287c [managed: 5, unused: 5, excluded: 0] (e.g. com.mchange.v2.c3p0.impl.NewPooledConnection@61affb82)
232690 DEBUG [2015-05-10 20:25:58]  decremented pending_acquires: 0
247639 DEBUG [2015-05-10 20:26:13]  Checking for expired resources - Sun May 10 20:26:13 CST 2015 [com.mchange.v2.resourcepool.BasicResourcePool@43a9287c]
247640 DEBUG [2015-05-10 20:26:13]  BEGIN check for expired resources.  [com.mchange.v2.resourcepool.BasicResourcePool@43a9287c]
247640 DEBUG [2015-05-10 20:26:13]  FINISHED check for expired resources.  [com.mchange.v2.resourcepool.BasicResourcePool@43a9287c]
247788 DEBUG [2015-05-10 20:26:14]  Refurbishing idle resources - Sun May 10 20:26:14 CST 2015 [com.mchange.v2.resourcepool.BasicResourcePool@43a9287c]
247789 DEBUG [2015-05-10 20:26:14]  trace com.mchange.v2.resourcepool.BasicResourcePool@43a9287c [managed: 5, unused: 5, excluded: 0] (e.g. com.mchange.v2.c3p0.impl.NewPooledConnection@61affb82)
247789 DEBUG [2015-05-10 20:26:14]  Testing PooledConnection [com.mchange.v2.c3p0.impl.NewPooledConnection@1a374234] on IDLE CHECK.
247789 DEBUG [2015-05-10 20:26:14]  Testing PooledConnection [com.mchange.v2.c3p0.impl.NewPooledConnection@767c4db3] on IDLE CHECK.
247789 DEBUG [2015-05-10 20:26:14]  Testing PooledConnection [com.mchange.v2.c3p0.impl.NewPooledConnection@197eb418] on IDLE CHECK.
247791 DEBUG [2015-05-10 20:26:14]  Test of PooledConnection [com.mchange.v2.c3p0.impl.NewPooledConnection@767c4db3] on IDLE CHECK has SUCCEEDED.
247791 DEBUG [2015-05-10 20:26:14]  Testing PooledConnection [com.mchange.v2.c3p0.impl.NewPooledConnection@38f5093f] on IDLE CHECK.
247791 DEBUG [2015-05-10 20:26:14]  Test of PooledConnection [com.mchange.v2.c3p0.impl.NewPooledConnection@197eb418] on IDLE CHECK has SUCCEEDED.
247793 DEBUG [2015-05-10 20:26:14]  Testing PooledConnection [com.mchange.v2.c3p0.impl.NewPooledConnection@38415e83] on IDLE CHECK.
247791 DEBUG [2015-05-10 20:26:14]  Test of PooledConnection [com.mchange.v2.c3p0.impl.NewPooledConnection@1a374234] on IDLE CHECK has SUCCEEDED.
247795 DEBUG [2015-05-10 20:26:14]  Test of PooledConnection [com.mchange.v2.c3p0.impl.NewPooledConnection@38f5093f] on IDLE CHECK has SUCCEEDED.
247796 DEBUG [2015-05-10 20:26:14]  Test of PooledConnection [com.mchange.v2.c3p0.impl.NewPooledConnection@38415e83] on IDLE CHECK has SUCCEEDED.
262640 DEBUG [2015-05-10 20:26:28]  Checking for expired resources - Sun May 10 20:26:28 CST 2015 [com.mchange.v2.resourcepool.BasicResourcePool@43a9287c]
262640 DEBUG [2015-05-10 20:26:28]  BEGIN check for expired resources.  [com.mchange.v2.resourcepool.BasicResourcePool@43a9287c]
262640 DEBUG [2015-05-10 20:26:28]  EXPIRED idle resource: com.mchange.v2.c3p0.impl.NewPooledConnection@38415e83 ---> idle_time: 74977; max_idle_time: 60000 [com.mchange.v2.resourcepool.BasicResourcePool@43a9287c]
262640 DEBUG [2015-05-10 20:26:28]  Removing expired resource: com.mchange.v2.c3p0.impl.NewPooledConnection@38415e83 [com.mchange.v2.resourcepool.BasicResourcePool@43a9287c]
262640 DEBUG [2015-05-10 20:26:28]  trace com.mchange.v2.resourcepool.BasicResourcePool@43a9287c [managed: 4, unused: 4, excluded: 0] (e.g. com.mchange.v2.c3p0.impl.NewPooledConnection@61affb82)
262641 DEBUG [2015-05-10 20:26:28]  Preparing to destroy resource: com.mchange.v2.c3p0.impl.NewPooledConnection@38415e83
262641 DEBUG [2015-05-10 20:26:28]  trace com.mchange.v2.resourcepool.BasicResourcePool@43a9287c [managed: 4, unused: 4, excluded: 0] (e.g. com.mchange.v2.c3p0.impl.NewPooledConnection@61affb82)
262641 DEBUG [2015-05-10 20:26:28]  FINISHED check for expired resources.  [com.mchange.v2.resourcepool.BasicResourcePool@43a9287c]
262641 DEBUG [2015-05-10 20:26:28]  incremented pending_acquires: 1
262641 DEBUG [2015-05-10 20:26:28]  Preparing to destroy PooledConnection: com.mchange.v2.c3p0.impl.NewPooledConnection@38415e83
262643 DEBUG [2015-05-10 20:26:28]  com.mchange.v2.c3p0.impl.NewPooledConnection@38415e83 closed by a client.
java.lang.Exception: DEBUG -- CLOSE BY CLIENT STACK TRACE
	at com.mchange.v2.c3p0.impl.NewPooledConnection.close(NewPooledConnection.java:566)
	at com.mchange.v2.c3p0.impl.NewPooledConnection.close(NewPooledConnection.java:234)
	at com.mchange.v2.c3p0.impl.C3P0PooledConnectionPool$1PooledConnectionResourcePoolManager.destroyResource(C3P0PooledConnectionPool.java:470)
	at com.mchange.v2.resourcepool.BasicResourcePool$1DestroyResourceTask.run(BasicResourcePool.java:964)
	at com.mchange.v2.async.ThreadPoolAsynchronousRunner$PoolThread.run(ThreadPoolAsynchronousRunner.java:547)
262643 DEBUG [2015-05-10 20:26:28]  Successfully destroyed PooledConnection: com.mchange.v2.c3p0.impl.NewPooledConnection@38415e83
262644 DEBUG [2015-05-10 20:26:28]  Successfully destroyed resource: com.mchange.v2.c3p0.impl.NewPooledConnection@38415e83
262659 DEBUG [2015-05-10 20:26:28]  com.mchange.v2.c3p0.impl.C3P0PooledConnectionPool$1PooledConnectionResourcePoolManager@6b5b3a21.acquireResource() returning. 
262659 DEBUG [2015-05-10 20:26:28]  trace com.mchange.v2.resourcepool.BasicResourcePool@43a9287c [managed: 5, unused: 5, excluded: 0] (e.g. com.mchange.v2.c3p0.impl.NewPooledConnection@61affb82)
262660 DEBUG [2015-05-10 20:26:28]  decremented pending_acquires: 0
277640 DEBUG [2015-05-10 20:26:43]  Checking for expired resources - Sun May 10 20:26:43 CST 2015 [com.mchange.v2.resourcepool.BasicResourcePool@43a9287c]
277640 DEBUG [2015-05-10 20:26:43]  BEGIN check for expired resources.  [com.mchange.v2.resourcepool.BasicResourcePool@43a9287c]
277641 DEBUG [2015-05-10 20:26:43]  EXPIRED idle resource: com.mchange.v2.c3p0.impl.NewPooledConnection@38f5093f ---> idle_time: 74981; max_idle_time: 60000 [com.mchange.v2.resourcepool.BasicResourcePool@43a9287c]
277641 DEBUG [2015-05-10 20:26:43]  Removing expired resource: com.mchange.v2.c3p0.impl.NewPooledConnection@38f5093f [com.mchange.v2.resourcepool.BasicResourcePool@43a9287c]
277641 DEBUG [2015-05-10 20:26:43]  trace com.mchange.v2.resourcepool.BasicResourcePool@43a9287c [managed: 4, unused: 4, excluded: 0] (e.g. com.mchange.v2.c3p0.impl.NewPooledConnection@61affb82)
277642 DEBUG [2015-05-10 20:26:43]  Preparing to destroy resource: com.mchange.v2.c3p0.impl.NewPooledConnection@38f5093f
277642 DEBUG [2015-05-10 20:26:43]  Preparing to destroy PooledConnection: com.mchange.v2.c3p0.impl.NewPooledConnection@38f5093f
277642 DEBUG [2015-05-10 20:26:43]  trace com.mchange.v2.resourcepool.BasicResourcePool@43a9287c [managed: 4, unused: 4, excluded: 0] (e.g. com.mchange.v2.c3p0.impl.NewPooledConnection@61affb82)
277642 DEBUG [2015-05-10 20:26:43]  FINISHED check for expired resources.  [com.mchange.v2.resourcepool.BasicResourcePool@43a9287c]
277642 DEBUG [2015-05-10 20:26:43]  com.mchange.v2.c3p0.impl.NewPooledConnection@38f5093f closed by a client.
java.lang.Exception: DEBUG -- CLOSE BY CLIENT STACK TRACE
	at com.mchange.v2.c3p0.impl.NewPooledConnection.close(NewPooledConnection.java:566)
	at com.mchange.v2.c3p0.impl.NewPooledConnection.close(NewPooledConnection.java:234)
	at com.mchange.v2.c3p0.impl.C3P0PooledConnectionPool$1PooledConnectionResourcePoolManager.destroyResource(C3P0PooledConnectionPool.java:470)
	at com.mchange.v2.resourcepool.BasicResourcePool$1DestroyResourceTask.run(BasicResourcePool.java:964)
	at com.mchange.v2.async.ThreadPoolAsynchronousRunner$PoolThread.run(ThreadPoolAsynchronousRunner.java:547)
277643 DEBUG [2015-05-10 20:26:43]  Successfully destroyed PooledConnection: com.mchange.v2.c3p0.impl.NewPooledConnection@38f5093f
277643 DEBUG [2015-05-10 20:26:43]  Successfully destroyed resource: com.mchange.v2.c3p0.impl.NewPooledConnection@38f5093f
277642 DEBUG [2015-05-10 20:26:43]  incremented pending_acquires: 1
277656 DEBUG [2015-05-10 20:26:43]  com.mchange.v2.c3p0.impl.C3P0PooledConnectionPool$1PooledConnectionResourcePoolManager@6b5b3a21.acquireResource() returning. 
277656 DEBUG [2015-05-10 20:26:43]  trace com.mchange.v2.resourcepool.BasicResourcePool@43a9287c [managed: 5, unused: 5, excluded: 0] (e.g. com.mchange.v2.c3p0.impl.NewPooledConnection@61affb82)
277656 DEBUG [2015-05-10 20:26:43]  decremented pending_acquires: 0
292640 DEBUG [2015-05-10 20:26:58]  Checking for expired resources - Sun May 10 20:26:58 CST 2015 [com.mchange.v2.resourcepool.BasicResourcePool@43a9287c]
292640 DEBUG [2015-05-10 20:26:58]  BEGIN check for expired resources.  [com.mchange.v2.resourcepool.BasicResourcePool@43a9287c]
292641 DEBUG [2015-05-10 20:26:58]  FINISHED check for expired resources.  [com.mchange.v2.resourcepool.BasicResourcePool@43a9287c]
307640 DEBUG [2015-05-10 20:27:13]  Checking for expired resources - Sun May 10 20:27:13 CST 2015 [com.mchange.v2.resourcepool.BasicResourcePool@43a9287c]
307640 DEBUG [2015-05-10 20:27:13]  BEGIN check for expired resources.  [com.mchange.v2.resourcepool.BasicResourcePool@43a9287c]
307641 DEBUG [2015-05-10 20:27:13]  EXPIRED idle resource: com.mchange.v2.c3p0.impl.NewPooledConnection@1a374234 ---> idle_time: 74951; max_idle_time: 60000 [com.mchange.v2.resourcepool.BasicResourcePool@43a9287c]
307641 DEBUG [2015-05-10 20:27:13]  Removing expired resource: com.mchange.v2.c3p0.impl.NewPooledConnection@1a374234 [com.mchange.v2.resourcepool.BasicResourcePool@43a9287c]
307641 DEBUG [2015-05-10 20:27:13]  trace com.mchange.v2.resourcepool.BasicResourcePool@43a9287c [managed: 4, unused: 4, excluded: 0] (e.g. com.mchange.v2.c3p0.impl.NewPooledConnection@61affb82)
307641 DEBUG [2015-05-10 20:27:13]  Preparing to destroy resource: com.mchange.v2.c3p0.impl.NewPooledConnection@1a374234
307641 DEBUG [2015-05-10 20:27:13]  trace com.mchange.v2.resourcepool.BasicResourcePool@43a9287c [managed: 4, unused: 4, excluded: 0] (e.g. com.mchange.v2.c3p0.impl.NewPooledConnection@61affb82)
307641 DEBUG [2015-05-10 20:27:13]  Preparing to destroy PooledConnection: com.mchange.v2.c3p0.impl.NewPooledConnection@1a374234
307641 DEBUG [2015-05-10 20:27:13]  EXPIRED idle resource: com.mchange.v2.c3p0.impl.NewPooledConnection@197eb418 ---> idle_time: 74961; max_idle_time: 60000 [com.mchange.v2.resourcepool.BasicResourcePool@43a9287c]
307642 DEBUG [2015-05-10 20:27:13]  Removing expired resource: com.mchange.v2.c3p0.impl.NewPooledConnection@197eb418 [com.mchange.v2.resourcepool.BasicResourcePool@43a9287c]
307642 DEBUG [2015-05-10 20:27:13]  trace com.mchange.v2.resourcepool.BasicResourcePool@43a9287c [managed: 3, unused: 3, excluded: 0] (e.g. com.mchange.v2.c3p0.impl.NewPooledConnection@61affb82)
307642 DEBUG [2015-05-10 20:27:13]  com.mchange.v2.c3p0.impl.NewPooledConnection@1a374234 closed by a client.
java.lang.Exception: DEBUG -- CLOSE BY CLIENT STACK TRACE
	at com.mchange.v2.c3p0.impl.NewPooledConnection.close(NewPooledConnection.java:566)
	at com.mchange.v2.c3p0.impl.NewPooledConnection.close(NewPooledConnection.java:234)
	at com.mchange.v2.c3p0.impl.C3P0PooledConnectionPool$1PooledConnectionResourcePoolManager.destroyResource(C3P0PooledConnectionPool.java:470)
	at com.mchange.v2.resourcepool.BasicResourcePool$1DestroyResourceTask.run(BasicResourcePool.java:964)
	at com.mchange.v2.async.ThreadPoolAsynchronousRunner$PoolThread.run(ThreadPoolAsynchronousRunner.java:547)
307643 DEBUG [2015-05-10 20:27:13]  Successfully destroyed PooledConnection: com.mchange.v2.c3p0.impl.NewPooledConnection@1a374234
307642 DEBUG [2015-05-10 20:27:13]  Preparing to destroy resource: com.mchange.v2.c3p0.impl.NewPooledConnection@197eb418
307644 DEBUG [2015-05-10 20:27:13]  Preparing to destroy PooledConnection: com.mchange.v2.c3p0.impl.NewPooledConnection@197eb418
307643 DEBUG [2015-05-10 20:27:13]  Successfully destroyed resource: com.mchange.v2.c3p0.impl.NewPooledConnection@1a374234
307642 DEBUG [2015-05-10 20:27:13]  trace com.mchange.v2.resourcepool.BasicResourcePool@43a9287c [managed: 3, unused: 3, excluded: 0] (e.g. com.mchange.v2.c3p0.impl.NewPooledConnection@61affb82)
307645 DEBUG [2015-05-10 20:27:13]  com.mchange.v2.c3p0.impl.NewPooledConnection@197eb418 closed by a client.
java.lang.Exception: DEBUG -- CLOSE BY CLIENT STACK TRACE
	at com.mchange.v2.c3p0.impl.NewPooledConnection.close(NewPooledConnection.java:566)
	at com.mchange.v2.c3p0.impl.NewPooledConnection.close(NewPooledConnection.java:234)
	at com.mchange.v2.c3p0.impl.C3P0PooledConnectionPool$1PooledConnectionResourcePoolManager.destroyResource(C3P0PooledConnectionPool.java:470)
	at com.mchange.v2.resourcepool.BasicResourcePool$1DestroyResourceTask.run(BasicResourcePool.java:964)
	at com.mchange.v2.async.ThreadPoolAsynchronousRunner$PoolThread.run(ThreadPoolAsynchronousRunner.java:547)
307645 DEBUG [2015-05-10 20:27:13]  EXPIRED idle resource: com.mchange.v2.c3p0.impl.NewPooledConnection@767c4db3 ---> idle_time: 74972; max_idle_time: 60000 [com.mchange.v2.resourcepool.BasicResourcePool@43a9287c]
307645 DEBUG [2015-05-10 20:27:13]  Successfully destroyed PooledConnection: com.mchange.v2.c3p0.impl.NewPooledConnection@197eb418
307646 DEBUG [2015-05-10 20:27:13]  Removing expired resource: com.mchange.v2.c3p0.impl.NewPooledConnection@767c4db3 [com.mchange.v2.resourcepool.BasicResourcePool@43a9287c]
307646 DEBUG [2015-05-10 20:27:13]  Successfully destroyed resource: com.mchange.v2.c3p0.impl.NewPooledConnection@197eb418
307646 DEBUG [2015-05-10 20:27:13]  trace com.mchange.v2.resourcepool.BasicResourcePool@43a9287c [managed: 2, unused: 2, excluded: 0] (e.g. com.mchange.v2.c3p0.impl.NewPooledConnection@61affb82)
307646 DEBUG [2015-05-10 20:27:13]  Preparing to destroy resource: com.mchange.v2.c3p0.impl.NewPooledConnection@767c4db3
307646 DEBUG [2015-05-10 20:27:13]  trace com.mchange.v2.resourcepool.BasicResourcePool@43a9287c [managed: 2, unused: 2, excluded: 0] (e.g. com.mchange.v2.c3p0.impl.NewPooledConnection@61affb82)
307647 DEBUG [2015-05-10 20:27:13]  Preparing to destroy PooledConnection: com.mchange.v2.c3p0.impl.NewPooledConnection@767c4db3
307647 DEBUG [2015-05-10 20:27:13]  FINISHED check for expired resources.  [com.mchange.v2.resourcepool.BasicResourcePool@43a9287c]
307648 DEBUG [2015-05-10 20:27:13]  incremented pending_acquires: 1
307648 DEBUG [2015-05-10 20:27:13]  com.mchange.v2.c3p0.impl.NewPooledConnection@767c4db3 closed by a client.
java.lang.Exception: DEBUG -- CLOSE BY CLIENT STACK TRACE
	at com.mchange.v2.c3p0.impl.NewPooledConnection.close(NewPooledConnection.java:566)
	at com.mchange.v2.c3p0.impl.NewPooledConnection.close(NewPooledConnection.java:234)
	at com.mchange.v2.c3p0.impl.C3P0PooledConnectionPool$1PooledConnectionResourcePoolManager.destroyResource(C3P0PooledConnectionPool.java:470)
	at com.mchange.v2.resourcepool.BasicResourcePool$1DestroyResourceTask.run(BasicResourcePool.java:964)
	at com.mchange.v2.async.ThreadPoolAsynchronousRunner$PoolThread.run(ThreadPoolAsynchronousRunner.java:547)
307648 DEBUG [2015-05-10 20:27:13]  incremented pending_acquires: 2
307648 DEBUG [2015-05-10 20:27:13]  Successfully destroyed PooledConnection: com.mchange.v2.c3p0.impl.NewPooledConnection@767c4db3
307649 DEBUG [2015-05-10 20:27:13]  incremented pending_acquires: 3
307649 DEBUG [2015-05-10 20:27:13]  Successfully destroyed resource: com.mchange.v2.c3p0.impl.NewPooledConnection@767c4db3
307659 DEBUG [2015-05-10 20:27:13]  com.mchange.v2.c3p0.impl.C3P0PooledConnectionPool$1PooledConnectionResourcePoolManager@6b5b3a21.acquireResource() returning. 
307659 DEBUG [2015-05-10 20:27:13]  trace com.mchange.v2.resourcepool.BasicResourcePool@43a9287c [managed: 3, unused: 3, excluded: 0] (e.g. com.mchange.v2.c3p0.impl.NewPooledConnection@61affb82)
307659 DEBUG [2015-05-10 20:27:13]  decremented pending_acquires: 2
307659 DEBUG [2015-05-10 20:27:13]  com.mchange.v2.c3p0.impl.C3P0PooledConnectionPool$1PooledConnectionResourcePoolManager@6b5b3a21.acquireResource() returning. 
307659 DEBUG [2015-05-10 20:27:13]  trace com.mchange.v2.resourcepool.BasicResourcePool@43a9287c [managed: 4, unused: 4, excluded: 0] (e.g. com.mchange.v2.c3p0.impl.NewPooledConnection@61affb82)
307659 DEBUG [2015-05-10 20:27:13]  decremented pending_acquires: 1
307661 DEBUG [2015-05-10 20:27:13]  com.mchange.v2.c3p0.impl.C3P0PooledConnectionPool$1PooledConnectionResourcePoolManager@6b5b3a21.acquireResource() returning. 
307661 DEBUG [2015-05-10 20:27:13]  trace com.mchange.v2.resourcepool.BasicResourcePool@43a9287c [managed: 5, unused: 5, excluded: 0] (e.g. com.mchange.v2.c3p0.impl.NewPooledConnection@61affb82)
307661 DEBUG [2015-05-10 20:27:13]  decremented pending_acquires: 0
307789 DEBUG [2015-05-10 20:27:14]  Refurbishing idle resources - Sun May 10 20:27:14 CST 2015 [com.mchange.v2.resourcepool.BasicResourcePool@43a9287c]
307789 DEBUG [2015-05-10 20:27:14]  trace com.mchange.v2.resourcepool.BasicResourcePool@43a9287c [managed: 5, unused: 5, excluded: 0] (e.g. com.mchange.v2.c3p0.impl.NewPooledConnection@61affb82)
307789 DEBUG [2015-05-10 20:27:14]  Testing PooledConnection [com.mchange.v2.c3p0.impl.NewPooledConnection@67749a13] on IDLE CHECK.
307789 DEBUG [2015-05-10 20:27:14]  Testing PooledConnection [com.mchange.v2.c3p0.impl.NewPooledConnection@5d3c55a5] on IDLE CHECK.
307789 DEBUG [2015-05-10 20:27:14]  Testing PooledConnection [com.mchange.v2.c3p0.impl.NewPooledConnection@44fb3437] on IDLE CHECK.
307790 DEBUG [2015-05-10 20:27:14]  Test of PooledConnection [com.mchange.v2.c3p0.impl.NewPooledConnection@67749a13] on IDLE CHECK has SUCCEEDED.
307791 DEBUG [2015-05-10 20:27:14]  Test of PooledConnection [com.mchange.v2.c3p0.impl.NewPooledConnection@5d3c55a5] on IDLE CHECK has SUCCEEDED.
307791 DEBUG [2015-05-10 20:27:14]  Test of PooledConnection [com.mchange.v2.c3p0.impl.NewPooledConnection@44fb3437] on IDLE CHECK has SUCCEEDED.
307791 DEBUG [2015-05-10 20:27:14]  Testing PooledConnection [com.mchange.v2.c3p0.impl.NewPooledConnection@262d0e71] on IDLE CHECK.
307791 DEBUG [2015-05-10 20:27:14]  Testing PooledConnection [com.mchange.v2.c3p0.impl.NewPooledConnection@8a353e9] on IDLE CHECK.
307792 DEBUG [2015-05-10 20:27:14]  Test of PooledConnection [com.mchange.v2.c3p0.impl.NewPooledConnection@262d0e71] on IDLE CHECK has SUCCEEDED.
307794 DEBUG [2015-05-10 20:27:14]  Test of PooledConnection [com.mchange.v2.c3p0.impl.NewPooledConnection@8a353e9] on IDLE CHECK has SUCCEEDED.
322640 DEBUG [2015-05-10 20:27:28]  Checking for expired resources - Sun May 10 20:27:28 CST 2015 [com.mchange.v2.resourcepool.BasicResourcePool@43a9287c]
322640 DEBUG [2015-05-10 20:27:28]  BEGIN check for expired resources.  [com.mchange.v2.resourcepool.BasicResourcePool@43a9287c]
322640 DEBUG [2015-05-10 20:27:28]  FINISHED check for expired resources.  [com.mchange.v2.resourcepool.BasicResourcePool@43a9287c]
337640 DEBUG [2015-05-10 20:27:43]  Checking for expired resources - Sun May 10 20:27:43 CST 2015 [com.mchange.v2.resourcepool.BasicResourcePool@43a9287c]
337640 DEBUG [2015-05-10 20:27:43]  BEGIN check for expired resources.  [com.mchange.v2.resourcepool.BasicResourcePool@43a9287c]
337640 DEBUG [2015-05-10 20:27:43]  EXPIRED idle resource: com.mchange.v2.c3p0.impl.NewPooledConnection@262d0e71 ---> idle_time: 74981; max_idle_time: 60000 [com.mchange.v2.resourcepool.BasicResourcePool@43a9287c]
337641 DEBUG [2015-05-10 20:27:43]  Removing expired resource: com.mchange.v2.c3p0.impl.NewPooledConnection@262d0e71 [com.mchange.v2.resourcepool.BasicResourcePool@43a9287c]
337641 DEBUG [2015-05-10 20:27:43]  trace com.mchange.v2.resourcepool.BasicResourcePool@43a9287c [managed: 4, unused: 4, excluded: 0] (e.g. com.mchange.v2.c3p0.impl.NewPooledConnection@61affb82)
337641 DEBUG [2015-05-10 20:27:43]  Preparing to destroy resource: com.mchange.v2.c3p0.impl.NewPooledConnection@262d0e71
337641 DEBUG [2015-05-10 20:27:43]  trace com.mchange.v2.resourcepool.BasicResourcePool@43a9287c [managed: 4, unused: 4, excluded: 0] (e.g. com.mchange.v2.c3p0.impl.NewPooledConnection@61affb82)
337641 DEBUG [2015-05-10 20:27:43]  FINISHED check for expired resources.  [com.mchange.v2.resourcepool.BasicResourcePool@43a9287c]
337641 DEBUG [2015-05-10 20:27:43]  incremented pending_acquires: 1
337641 DEBUG [2015-05-10 20:27:43]  Preparing to destroy PooledConnection: com.mchange.v2.c3p0.impl.NewPooledConnection@262d0e71
337643 DEBUG [2015-05-10 20:27:43]  com.mchange.v2.c3p0.impl.NewPooledConnection@262d0e71 closed by a client.
java.lang.Exception: DEBUG -- CLOSE BY CLIENT STACK TRACE
	at com.mchange.v2.c3p0.impl.NewPooledConnection.close(NewPooledConnection.java:566)
	at com.mchange.v2.c3p0.impl.NewPooledConnection.close(NewPooledConnection.java:234)
	at com.mchange.v2.c3p0.impl.C3P0PooledConnectionPool$1PooledConnectionResourcePoolManager.destroyResource(C3P0PooledConnectionPool.java:470)
	at com.mchange.v2.resourcepool.BasicResourcePool$1DestroyResourceTask.run(BasicResourcePool.java:964)
	at com.mchange.v2.async.ThreadPoolAsynchronousRunner$PoolThread.run(ThreadPoolAsynchronousRunner.java:547)
337645 DEBUG [2015-05-10 20:27:43]  Successfully destroyed PooledConnection: com.mchange.v2.c3p0.impl.NewPooledConnection@262d0e71
337645 DEBUG [2015-05-10 20:27:43]  Successfully destroyed resource: com.mchange.v2.c3p0.impl.NewPooledConnection@262d0e71
337658 DEBUG [2015-05-10 20:27:43]  com.mchange.v2.c3p0.impl.C3P0PooledConnectionPool$1PooledConnectionResourcePoolManager@6b5b3a21.acquireResource() returning. 
337658 DEBUG [2015-05-10 20:27:43]  trace com.mchange.v2.resourcepool.BasicResourcePool@43a9287c [managed: 5, unused: 5, excluded: 0] (e.g. com.mchange.v2.c3p0.impl.NewPooledConnection@61affb82)
337658 DEBUG [2015-05-10 20:27:43]  decremented pending_acquires: 0
352640 DEBUG [2015-05-10 20:27:58]  Checking for expired resources - Sun May 10 20:27:58 CST 2015 [com.mchange.v2.resourcepool.BasicResourcePool@43a9287c]
352640 DEBUG [2015-05-10 20:27:58]  BEGIN check for expired resources.  [com.mchange.v2.resourcepool.BasicResourcePool@43a9287c]
352641 DEBUG [2015-05-10 20:27:58]  EXPIRED idle resource: com.mchange.v2.c3p0.impl.NewPooledConnection@8a353e9 ---> idle_time: 74985; max_idle_time: 60000 [com.mchange.v2.resourcepool.BasicResourcePool@43a9287c]
352641 DEBUG [2015-05-10 20:27:58]  Removing expired resource: com.mchange.v2.c3p0.impl.NewPooledConnection@8a353e9 [com.mchange.v2.resourcepool.BasicResourcePool@43a9287c]
352641 DEBUG [2015-05-10 20:27:58]  trace com.mchange.v2.resourcepool.BasicResourcePool@43a9287c [managed: 4, unused: 4, excluded: 0] (e.g. com.mchange.v2.c3p0.impl.NewPooledConnection@61affb82)
352641 DEBUG [2015-05-10 20:27:58]  Preparing to destroy resource: com.mchange.v2.c3p0.impl.NewPooledConnection@8a353e9
352641 DEBUG [2015-05-10 20:27:58]  trace com.mchange.v2.resourcepool.BasicResourcePool@43a9287c [managed: 4, unused: 4, excluded: 0] (e.g. com.mchange.v2.c3p0.impl.NewPooledConnection@61affb82)
352641 DEBUG [2015-05-10 20:27:58]  Preparing to destroy PooledConnection: com.mchange.v2.c3p0.impl.NewPooledConnection@8a353e9
352642 DEBUG [2015-05-10 20:27:58]  FINISHED check for expired resources.  [com.mchange.v2.resourcepool.BasicResourcePool@43a9287c]
352642 DEBUG [2015-05-10 20:27:58]  incremented pending_acquires: 1
352643 DEBUG [2015-05-10 20:27:58]  com.mchange.v2.c3p0.impl.NewPooledConnection@8a353e9 closed by a client.
java.lang.Exception: DEBUG -- CLOSE BY CLIENT STACK TRACE
	at com.mchange.v2.c3p0.impl.NewPooledConnection.close(NewPooledConnection.java:566)
	at com.mchange.v2.c3p0.impl.NewPooledConnection.close(NewPooledConnection.java:234)
	at com.mchange.v2.c3p0.impl.C3P0PooledConnectionPool$1PooledConnectionResourcePoolManager.destroyResource(C3P0PooledConnectionPool.java:470)
	at com.mchange.v2.resourcepool.BasicResourcePool$1DestroyResourceTask.run(BasicResourcePool.java:964)
	at com.mchange.v2.async.ThreadPoolAsynchronousRunner$PoolThread.run(ThreadPoolAsynchronousRunner.java:547)
352644 DEBUG [2015-05-10 20:27:58]  Successfully destroyed PooledConnection: com.mchange.v2.c3p0.impl.NewPooledConnection@8a353e9
352644 DEBUG [2015-05-10 20:27:58]  Successfully destroyed resource: com.mchange.v2.c3p0.impl.NewPooledConnection@8a353e9
352658 DEBUG [2015-05-10 20:27:58]  com.mchange.v2.c3p0.impl.C3P0PooledConnectionPool$1PooledConnectionResourcePoolManager@6b5b3a21.acquireResource() returning. 
352659 DEBUG [2015-05-10 20:27:58]  trace com.mchange.v2.resourcepool.BasicResourcePool@43a9287c [managed: 5, unused: 5, excluded: 0] (e.g. com.mchange.v2.c3p0.impl.NewPooledConnection@61affb82)
352659 DEBUG [2015-05-10 20:27:58]  decremented pending_acquires: 0
367640 DEBUG [2015-05-10 20:28:13]  Checking for expired resources - Sun May 10 20:28:13 CST 2015 [com.mchange.v2.resourcepool.BasicResourcePool@43a9287c]
367641 DEBUG [2015-05-10 20:28:13]  BEGIN check for expired resources.  [com.mchange.v2.resourcepool.BasicResourcePool@43a9287c]
367641 DEBUG [2015-05-10 20:28:13]  FINISHED check for expired resources.  [com.mchange.v2.resourcepool.BasicResourcePool@43a9287c]
367789 DEBUG [2015-05-10 20:28:14]  Refurbishing idle resources - Sun May 10 20:28:14 CST 2015 [com.mchange.v2.resourcepool.BasicResourcePool@43a9287c]
367790 DEBUG [2015-05-10 20:28:14]  trace com.mchange.v2.resourcepool.BasicResourcePool@43a9287c [managed: 5, unused: 5, excluded: 0] (e.g. com.mchange.v2.c3p0.impl.NewPooledConnection@61affb82)
367790 DEBUG [2015-05-10 20:28:14]  Testing PooledConnection [com.mchange.v2.c3p0.impl.NewPooledConnection@66ebfd73] on IDLE CHECK.
367790 DEBUG [2015-05-10 20:28:14]  Testing PooledConnection [com.mchange.v2.c3p0.impl.NewPooledConnection@5d3c55a5] on IDLE CHECK.
367790 DEBUG [2015-05-10 20:28:14]  Testing PooledConnection [com.mchange.v2.c3p0.impl.NewPooledConnection@3f5e8a66] on IDLE CHECK.
367793 DEBUG [2015-05-10 20:28:14]  Test of PooledConnection [com.mchange.v2.c3p0.impl.NewPooledConnection@66ebfd73] on IDLE CHECK has SUCCEEDED.
367793 DEBUG [2015-05-10 20:28:14]  Testing PooledConnection [com.mchange.v2.c3p0.impl.NewPooledConnection@67749a13] on IDLE CHECK.
367793 DEBUG [2015-05-10 20:28:14]  Test of PooledConnection [com.mchange.v2.c3p0.impl.NewPooledConnection@3f5e8a66] on IDLE CHECK has SUCCEEDED.
367794 DEBUG [2015-05-10 20:28:14]  Testing PooledConnection [com.mchange.v2.c3p0.impl.NewPooledConnection@44fb3437] on IDLE CHECK.
367794 DEBUG [2015-05-10 20:28:14]  Test of PooledConnection [com.mchange.v2.c3p0.impl.NewPooledConnection@5d3c55a5] on IDLE CHECK has SUCCEEDED.
367796 DEBUG [2015-05-10 20:28:14]  Test of PooledConnection [com.mchange.v2.c3p0.impl.NewPooledConnection@67749a13] on IDLE CHECK has SUCCEEDED.
367797 DEBUG [2015-05-10 20:28:14]  Test of PooledConnection [com.mchange.v2.c3p0.impl.NewPooledConnection@44fb3437] on IDLE CHECK has SUCCEEDED.
382640 DEBUG [2015-05-10 20:28:28]  Checking for expired resources - Sun May 10 20:28:28 CST 2015 [com.mchange.v2.resourcepool.BasicResourcePool@43a9287c]
382641 DEBUG [2015-05-10 20:28:28]  BEGIN check for expired resources.  [com.mchange.v2.resourcepool.BasicResourcePool@43a9287c]
382641 DEBUG [2015-05-10 20:28:28]  EXPIRED idle resource: com.mchange.v2.c3p0.impl.NewPooledConnection@5d3c55a5 ---> idle_time: 74980; max_idle_time: 60000 [com.mchange.v2.resourcepool.BasicResourcePool@43a9287c]
382641 DEBUG [2015-05-10 20:28:28]  Removing expired resource: com.mchange.v2.c3p0.impl.NewPooledConnection@5d3c55a5 [com.mchange.v2.resourcepool.BasicResourcePool@43a9287c]
382641 DEBUG [2015-05-10 20:28:28]  trace com.mchange.v2.resourcepool.BasicResourcePool@43a9287c [managed: 4, unused: 4, excluded: 0] (e.g. com.mchange.v2.c3p0.impl.NewPooledConnection@61affb82)
382641 DEBUG [2015-05-10 20:28:28]  Preparing to destroy resource: com.mchange.v2.c3p0.impl.NewPooledConnection@5d3c55a5
382642 DEBUG [2015-05-10 20:28:28]  Preparing to destroy PooledConnection: com.mchange.v2.c3p0.impl.NewPooledConnection@5d3c55a5
382642 DEBUG [2015-05-10 20:28:28]  trace com.mchange.v2.resourcepool.BasicResourcePool@43a9287c [managed: 4, unused: 4, excluded: 0] (e.g. com.mchange.v2.c3p0.impl.NewPooledConnection@61affb82)
382642 DEBUG [2015-05-10 20:28:28]  EXPIRED idle resource: com.mchange.v2.c3p0.impl.NewPooledConnection@67749a13 ---> idle_time: 74983; max_idle_time: 60000 [com.mchange.v2.resourcepool.BasicResourcePool@43a9287c]
382642 DEBUG [2015-05-10 20:28:28]  com.mchange.v2.c3p0.impl.NewPooledConnection@5d3c55a5 closed by a client.
java.lang.Exception: DEBUG -- CLOSE BY CLIENT STACK TRACE
	at com.mchange.v2.c3p0.impl.NewPooledConnection.close(NewPooledConnection.java:566)
	at com.mchange.v2.c3p0.impl.NewPooledConnection.close(NewPooledConnection.java:234)
	at com.mchange.v2.c3p0.impl.C3P0PooledConnectionPool$1PooledConnectionResourcePoolManager.destroyResource(C3P0PooledConnectionPool.java:470)
	at com.mchange.v2.resourcepool.BasicResourcePool$1DestroyResourceTask.run(BasicResourcePool.java:964)
	at com.mchange.v2.async.ThreadPoolAsynchronousRunner$PoolThread.run(ThreadPoolAsynchronousRunner.java:547)
382643 DEBUG [2015-05-10 20:28:28]  Successfully destroyed PooledConnection: com.mchange.v2.c3p0.impl.NewPooledConnection@5d3c55a5
382643 DEBUG [2015-05-10 20:28:28]  Successfully destroyed resource: com.mchange.v2.c3p0.impl.NewPooledConnection@5d3c55a5
382642 DEBUG [2015-05-10 20:28:28]  Removing expired resource: com.mchange.v2.c3p0.impl.NewPooledConnection@67749a13 [com.mchange.v2.resourcepool.BasicResourcePool@43a9287c]
382644 DEBUG [2015-05-10 20:28:28]  trace com.mchange.v2.resourcepool.BasicResourcePool@43a9287c [managed: 3, unused: 3, excluded: 0] (e.g. com.mchange.v2.c3p0.impl.NewPooledConnection@61affb82)
382644 DEBUG [2015-05-10 20:28:28]  Preparing to destroy resource: com.mchange.v2.c3p0.impl.NewPooledConnection@67749a13
382644 DEBUG [2015-05-10 20:28:28]  Preparing to destroy PooledConnection: com.mchange.v2.c3p0.impl.NewPooledConnection@67749a13
382644 DEBUG [2015-05-10 20:28:28]  trace com.mchange.v2.resourcepool.BasicResourcePool@43a9287c [managed: 3, unused: 3, excluded: 0] (e.g. com.mchange.v2.c3p0.impl.NewPooledConnection@61affb82)
382644 DEBUG [2015-05-10 20:28:28]  EXPIRED idle resource: com.mchange.v2.c3p0.impl.NewPooledConnection@44fb3437 ---> idle_time: 74985; max_idle_time: 60000 [com.mchange.v2.resourcepool.BasicResourcePool@43a9287c]
382645 DEBUG [2015-05-10 20:28:28]  Removing expired resource: com.mchange.v2.c3p0.impl.NewPooledConnection@44fb3437 [com.mchange.v2.resourcepool.BasicResourcePool@43a9287c]
382644 DEBUG [2015-05-10 20:28:28]  com.mchange.v2.c3p0.impl.NewPooledConnection@67749a13 closed by a client.
java.lang.Exception: DEBUG -- CLOSE BY CLIENT STACK TRACE
	at com.mchange.v2.c3p0.impl.NewPooledConnection.close(NewPooledConnection.java:566)
	at com.mchange.v2.c3p0.impl.NewPooledConnection.close(NewPooledConnection.java:234)
	at com.mchange.v2.c3p0.impl.C3P0PooledConnectionPool$1PooledConnectionResourcePoolManager.destroyResource(C3P0PooledConnectionPool.java:470)
	at com.mchange.v2.resourcepool.BasicResourcePool$1DestroyResourceTask.run(BasicResourcePool.java:964)
	at com.mchange.v2.async.ThreadPoolAsynchronousRunner$PoolThread.run(ThreadPoolAsynchronousRunner.java:547)
382645 DEBUG [2015-05-10 20:28:28]  Preparing to destroy resource: com.mchange.v2.c3p0.impl.NewPooledConnection@44fb3437
382645 DEBUG [2015-05-10 20:28:28]  trace com.mchange.v2.resourcepool.BasicResourcePool@43a9287c [managed: 2, unused: 2, excluded: 0] (e.g. com.mchange.v2.c3p0.impl.NewPooledConnection@61affb82)
382646 DEBUG [2015-05-10 20:28:28]  Preparing to destroy PooledConnection: com.mchange.v2.c3p0.impl.NewPooledConnection@44fb3437
382645 DEBUG [2015-05-10 20:28:28]  Successfully destroyed PooledConnection: com.mchange.v2.c3p0.impl.NewPooledConnection@67749a13
382647 DEBUG [2015-05-10 20:28:28]  com.mchange.v2.c3p0.impl.NewPooledConnection@44fb3437 closed by a client.
java.lang.Exception: DEBUG -- CLOSE BY CLIENT STACK TRACE
	at com.mchange.v2.c3p0.impl.NewPooledConnection.close(NewPooledConnection.java:566)
	at com.mchange.v2.c3p0.impl.NewPooledConnection.close(NewPooledConnection.java:234)
	at com.mchange.v2.c3p0.impl.C3P0PooledConnectionPool$1PooledConnectionResourcePoolManager.destroyResource(C3P0PooledConnectionPool.java:470)
	at com.mchange.v2.resourcepool.BasicResourcePool$1DestroyResourceTask.run(BasicResourcePool.java:964)
	at com.mchange.v2.async.ThreadPoolAsynchronousRunner$PoolThread.run(ThreadPoolAsynchronousRunner.java:547)
382646 DEBUG [2015-05-10 20:28:28]  trace com.mchange.v2.resourcepool.BasicResourcePool@43a9287c [managed: 2, unused: 2, excluded: 0] (e.g. com.mchange.v2.c3p0.impl.NewPooledConnection@61affb82)
382648 DEBUG [2015-05-10 20:28:28]  Successfully destroyed PooledConnection: com.mchange.v2.c3p0.impl.NewPooledConnection@44fb3437
382647 DEBUG [2015-05-10 20:28:28]  Successfully destroyed resource: com.mchange.v2.c3p0.impl.NewPooledConnection@67749a13
382648 DEBUG [2015-05-10 20:28:28]  Successfully destroyed resource: com.mchange.v2.c3p0.impl.NewPooledConnection@44fb3437
382648 DEBUG [2015-05-10 20:28:28]  FINISHED check for expired resources.  [com.mchange.v2.resourcepool.BasicResourcePool@43a9287c]
382649 DEBUG [2015-05-10 20:28:28]  incremented pending_acquires: 1
382649 DEBUG [2015-05-10 20:28:28]  incremented pending_acquires: 2
382649 DEBUG [2015-05-10 20:28:28]  incremented pending_acquires: 3
382661 DEBUG [2015-05-10 20:28:28]  com.mchange.v2.c3p0.impl.C3P0PooledConnectionPool$1PooledConnectionResourcePoolManager@6b5b3a21.acquireResource() returning. 
382661 DEBUG [2015-05-10 20:28:28]  trace com.mchange.v2.resourcepool.BasicResourcePool@43a9287c [managed: 3, unused: 3, excluded: 0] (e.g. com.mchange.v2.c3p0.impl.NewPooledConnection@61affb82)
382661 DEBUG [2015-05-10 20:28:28]  decremented pending_acquires: 2
382664 DEBUG [2015-05-10 20:28:28]  com.mchange.v2.c3p0.impl.C3P0PooledConnectionPool$1PooledConnectionResourcePoolManager@6b5b3a21.acquireResource() returning. 
382664 DEBUG [2015-05-10 20:28:28]  trace com.mchange.v2.resourcepool.BasicResourcePool@43a9287c [managed: 4, unused: 4, excluded: 0] (e.g. com.mchange.v2.c3p0.impl.NewPooledConnection@61affb82)
382664 DEBUG [2015-05-10 20:28:28]  decremented pending_acquires: 1
382665 DEBUG [2015-05-10 20:28:28]  com.mchange.v2.c3p0.impl.C3P0PooledConnectionPool$1PooledConnectionResourcePoolManager@6b5b3a21.acquireResource() returning. 
382665 DEBUG [2015-05-10 20:28:28]  trace com.mchange.v2.resourcepool.BasicResourcePool@43a9287c [managed: 5, unused: 5, excluded: 0] (e.g. com.mchange.v2.c3p0.impl.NewPooledConnection@61affb82)
382665 DEBUG [2015-05-10 20:28:28]  decremented pending_acquires: 0
397641 DEBUG [2015-05-10 20:28:43]  Checking for expired resources - Sun May 10 20:28:43 CST 2015 [com.mchange.v2.resourcepool.BasicResourcePool@43a9287c]
397641 DEBUG [2015-05-10 20:28:43]  BEGIN check for expired resources.  [com.mchange.v2.resourcepool.BasicResourcePool@43a9287c]
397641 DEBUG [2015-05-10 20:28:43]  FINISHED check for expired resources.  [com.mchange.v2.resourcepool.BasicResourcePool@43a9287c]
412640 DEBUG [2015-05-10 20:28:58]  Checking for expired resources - Sun May 10 20:28:58 CST 2015 [com.mchange.v2.resourcepool.BasicResourcePool@43a9287c]
412640 DEBUG [2015-05-10 20:28:58]  BEGIN check for expired resources.  [com.mchange.v2.resourcepool.BasicResourcePool@43a9287c]
412640 DEBUG [2015-05-10 20:28:58]  EXPIRED idle resource: com.mchange.v2.c3p0.impl.NewPooledConnection@66ebfd73 ---> idle_time: 74982; max_idle_time: 60000 [com.mchange.v2.resourcepool.BasicResourcePool@43a9287c]
412640 DEBUG [2015-05-10 20:28:58]  Removing expired resource: com.mchange.v2.c3p0.impl.NewPooledConnection@66ebfd73 [com.mchange.v2.resourcepool.BasicResourcePool@43a9287c]
412641 DEBUG [2015-05-10 20:28:58]  trace com.mchange.v2.resourcepool.BasicResourcePool@43a9287c [managed: 4, unused: 4, excluded: 0] (e.g. com.mchange.v2.c3p0.impl.NewPooledConnection@61affb82)
412641 DEBUG [2015-05-10 20:28:58]  Preparing to destroy resource: com.mchange.v2.c3p0.impl.NewPooledConnection@66ebfd73
412641 DEBUG [2015-05-10 20:28:58]  Preparing to destroy PooledConnection: com.mchange.v2.c3p0.impl.NewPooledConnection@66ebfd73
412641 DEBUG [2015-05-10 20:28:58]  trace com.mchange.v2.resourcepool.BasicResourcePool@43a9287c [managed: 4, unused: 4, excluded: 0] (e.g. com.mchange.v2.c3p0.impl.NewPooledConnection@61affb82)
412641 DEBUG [2015-05-10 20:28:58]  FINISHED check for expired resources.  [com.mchange.v2.resourcepool.BasicResourcePool@43a9287c]
412641 DEBUG [2015-05-10 20:28:58]  com.mchange.v2.c3p0.impl.NewPooledConnection@66ebfd73 closed by a client.
java.lang.Exception: DEBUG -- CLOSE BY CLIENT STACK TRACE
	at com.mchange.v2.c3p0.impl.NewPooledConnection.close(NewPooledConnection.java:566)
	at com.mchange.v2.c3p0.impl.NewPooledConnection.close(NewPooledConnection.java:234)
	at com.mchange.v2.c3p0.impl.C3P0PooledConnectionPool$1PooledConnectionResourcePoolManager.destroyResource(C3P0PooledConnectionPool.java:470)
	at com.mchange.v2.resourcepool.BasicResourcePool$1DestroyResourceTask.run(BasicResourcePool.java:964)
	at com.mchange.v2.async.ThreadPoolAsynchronousRunner$PoolThread.run(ThreadPoolAsynchronousRunner.java:547)
412642 DEBUG [2015-05-10 20:28:58]  Successfully destroyed PooledConnection: com.mchange.v2.c3p0.impl.NewPooledConnection@66ebfd73
412642 DEBUG [2015-05-10 20:28:58]  incremented pending_acquires: 1
412642 DEBUG [2015-05-10 20:28:58]  Successfully destroyed resource: com.mchange.v2.c3p0.impl.NewPooledConnection@66ebfd73
412657 DEBUG [2015-05-10 20:28:58]  com.mchange.v2.c3p0.impl.C3P0PooledConnectionPool$1PooledConnectionResourcePoolManager@6b5b3a21.acquireResource() returning. 
412657 DEBUG [2015-05-10 20:28:58]  trace com.mchange.v2.resourcepool.BasicResourcePool@43a9287c [managed: 5, unused: 5, excluded: 0] (e.g. com.mchange.v2.c3p0.impl.NewPooledConnection@61affb82)
412657 DEBUG [2015-05-10 20:28:58]  decremented pending_acquires: 0
